Using pre-set license
Built from '2021.3/staging' branch; Version is '2021.3.1f1 (3b70a0754835) revision 3895456'; Using compiler version '192829333'; Build Type 'Release'
OS: 'Windows 10  (10.0.19044) 64bit Core' Language: 'en' Physical Memory: 32684 MB
BatchMode: 1, IsHumanControllingUs: 0, StartBugReporterOnCrash: 0, Is64bit: 1, IsPro: 1

COMMAND LINE ARGUMENTS:
D:\Unity Versions\2021.3.1f1\Editor\Unity.exe
-adb2
-batchMode
-noUpm
-name
AssetImportWorker4
-projectPath
F:/Documents/Portfolio Work/PortfolioWebGLGame/Unity-WebGL-PortfolioGame/Portfolio Web GL Game
-logFile
Logs/AssetImportWorker4.log
-srvPort
61873
Successfully changed project path to: F:/Documents/Portfolio Work/PortfolioWebGLGame/Unity-WebGL-PortfolioGame/Portfolio Web GL Game
F:/Documents/Portfolio Work/PortfolioWebGLGame/Unity-WebGL-PortfolioGame/Portfolio Web GL Game
[UnityMemory] Configuration Parameters - Can be set up in boot.config
    "memorysetup-bucket-allocator-granularity=16"
    "memorysetup-bucket-allocator-bucket-count=8"
    "memorysetup-bucket-allocator-block-size=33554432"
    "memorysetup-bucket-allocator-block-count=8"
    "memorysetup-main-allocator-block-size=16777216"
    "memorysetup-thread-allocator-block-size=16777216"
    "memorysetup-gfx-main-allocator-block-size=16777216"
    "memorysetup-gfx-thread-allocator-block-size=16777216"
    "memorysetup-cache-allocator-block-size=4194304"
    "memorysetup-typetree-allocator-block-size=2097152"
    "memorysetup-profiler-bucket-allocator-granularity=16"
    "memorysetup-profiler-bucket-allocator-bucket-count=8"
    "memorysetup-profiler-bucket-allocator-block-size=33554432"
    "memorysetup-profiler-bucket-allocator-block-count=8"
    "memorysetup-profiler-allocator-block-size=16777216"
    "memorysetup-profiler-editor-allocator-block-size=1048576"
    "memorysetup-temp-allocator-size-main=16777216"
    "memorysetup-job-temp-allocator-block-size=2097152"
    "memorysetup-job-temp-allocator-block-size-background=1048576"
    "memorysetup-job-temp-allocator-reduction-small-platforms=262144"
    "memorysetup-temp-allocator-size-background-worker=32768"
    "memorysetup-temp-allocator-size-job-worker=262144"
    "memorysetup-temp-allocator-size-preload-manager=33554432"
    "memorysetup-temp-allocator-size-nav-mesh-worker=65536"
    "memorysetup-temp-allocator-size-audio-worker=65536"
    "memorysetup-temp-allocator-size-cloud-worker=32768"
    "memorysetup-temp-allocator-size-gi-baking-worker=262144"
    "memorysetup-temp-allocator-size-gfx=262144"
Refreshing native plugins compatible for Editor in 44.15 ms, found 6 plugins.
Preloading 0 native plugins for Editor in 0.00 ms.
Initialize engine version: 2021.3.1f1 (3b70a0754835)
[Subsystems] Discovering subsystems at path D:/Unity Versions/2021.3.1f1/Editor/Data/Resources/UnitySubsystems
[Subsystems] Discovering subsystems at path F:/Documents/Portfolio Work/PortfolioWebGLGame/Unity-WebGL-PortfolioGame/Portfolio Web GL Game/Assets
GfxDevice: creating device client; threaded=0; jobified=0
Direct3D:
    Version:  Direct3D 11.0 [level 11.1]
    Renderer: NVIDIA GeForce RTX 2080 SUPER (ID=0x1e81)
    Vendor:   NVIDIA
    VRAM:     8010 MB
    Driver:   30.0.15.1215
Initialize mono
Mono path[0] = 'D:/Unity Versions/2021.3.1f1/Editor/Data/Managed'
Mono path[1] = 'D:/Unity Versions/2021.3.1f1/Editor/Data/MonoBleedingEdge/lib/mono/unityjit-win32'
Mono config path = 'D:/Unity Versions/2021.3.1f1/Editor/Data/MonoBleedingEdge/etc'
Using monoOptions --debugger-agent=transport=dt_socket,embedding=1,server=y,suspend=n,address=127.0.0.1:56404
Begin MonoManager ReloadAssembly
Registering precompiled unity dll's ...
Register platform support module: D:/Unity Versions/2021.3.1f1/Editor/Data/PlaybackEngines/WebGLSupport/UnityEditor.WebGL.Extensions.dll
Register platform support module: D:/Unity Versions/2021.3.1f1/Editor/Data/PlaybackEngines/WindowsStandaloneSupport/UnityEditor.WindowsStandalone.Extensions.dll
Registered in 0.002019 seconds.
Native extension for WindowsStandalone target not found
Native extension for WebGL target not found
Refreshing native plugins compatible for Editor in 38.65 ms, found 6 plugins.
Preloading 0 native plugins for Editor in 0.00 ms.
Mono: successfully reloaded assembly
- Completed reload, in  0.481 seconds
Domain Reload Profiling:
	ReloadAssembly (482ms)
		BeginReloadAssembly (48ms)
			ExecutionOrderSort (0ms)
			DisableScriptedObjects (0ms)
			BackupInstance (0ms)
			ReleaseScriptingObjects (0ms)
			CreateAndSetChildDomain (1ms)
		EndReloadAssembly (346ms)
			LoadAssemblies (48ms)
			RebuildTransferFunctionScriptingTraits (0ms)
			SetupTypeCache (93ms)
			ReleaseScriptCaches (0ms)
			RebuildScriptCaches (21ms)
			SetupLoadedEditorAssemblies (194ms)
				LogAssemblyErrors (0ms)
				InitializePlatformSupportModulesInManaged (6ms)
				SetLoadedEditorAssemblies (0ms)
				RefreshPlugins (39ms)
				BeforeProcessingInitializeOnLoad (1ms)
				ProcessInitializeOnLoadAttributes (112ms)
				ProcessInitializeOnLoadMethodAttributes (36ms)
				AfterProcessingInitializeOnLoad (0ms)
				EditorAssembliesLoaded (0ms)
			ExecutionOrderSort2 (0ms)
			AwakeInstancesAfterBackupRestoration (0ms)
Platform modules already initialized, skipping
Registering precompiled user dll's ...
Registered in 0.002370 seconds.
Begin MonoManager ReloadAssembly
Symbol file LoadedFromMemory is not a mono symbol file
Native extension for WindowsStandalone target not found
Native extension for WebGL target not found
Refreshing native plugins compatible for Editor in 37.91 ms, found 6 plugins.
Preloading 0 native plugins for Editor in 0.00 ms.
Mono: successfully reloaded assembly
- Completed reload, in  0.846 seconds
Domain Reload Profiling:
	ReloadAssembly (847ms)
		BeginReloadAssembly (79ms)
			ExecutionOrderSort (0ms)
			DisableScriptedObjects (5ms)
			BackupInstance (0ms)
			ReleaseScriptingObjects (0ms)
			CreateAndSetChildDomain (14ms)
		EndReloadAssembly (673ms)
			LoadAssemblies (64ms)
			RebuildTransferFunctionScriptingTraits (0ms)
			SetupTypeCache (159ms)
			ReleaseScriptCaches (0ms)
			RebuildScriptCaches (49ms)
			SetupLoadedEditorAssemblies (357ms)
				LogAssemblyErrors (0ms)
				InitializePlatformSupportModulesInManaged (3ms)
				SetLoadedEditorAssemblies (0ms)
				RefreshPlugins (38ms)
				BeforeProcessingInitializeOnLoad (59ms)
				ProcessInitializeOnLoadAttributes (202ms)
				ProcessInitializeOnLoadMethodAttributes (52ms)
				AfterProcessingInitializeOnLoad (2ms)
				EditorAssembliesLoaded (0ms)
			ExecutionOrderSort2 (0ms)
			AwakeInstancesAfterBackupRestoration (4ms)
Platform modules already initialized, skipping
========================================================================
Worker process is ready to serve import requests
Launched and connected shader compiler UnityShaderCompiler.exe after 0.07 seconds
Refreshing native plugins compatible for Editor in 0.97 ms, found 6 plugins.
Preloading 0 native plugins for Editor in 0.00 ms.
Unloading 3315 Unused Serialized files (Serialized files now loaded: 0)
Unloading 75 unused Assets / (321.8 KB). Loaded Objects now: 3741.
Memory consumption went from 138.0 MB to 137.7 MB.
Total: 3.647700 ms (FindLiveObjects: 0.399900 ms CreateObjectMapping: 0.234900 ms MarkObjects: 2.826200 ms  DeleteObjects: 0.185800 ms)

AssetImportParameters requested are different than current active one (requested -> active):
  custom:video-decoder-ogg-theora: a1e56fd34408186e4bbccfd4996cb3dc -> 
  custom:container-muxer-webm: aa71ff27fc2769a1b78a27578f13a17b -> 
  custom:container-demuxer-webm: 4f35f7cbe854078d1ac9338744f61a02 -> 
  custom:video-encoder-webm-vp8: eb34c28f22e8b96e1ab97ce403110664 -> 
  custom:audio-encoder-webm-vorbis: bf7c407c2cedff20999df2af8eb42d56 -> 
  custom:framework-win-MediaFoundation: 216162199b28c13a410421893ffa2e32 -> 
  custom:container-demuxer-ogg: 62fdf1f143b41e24485cea50d1cbac27 -> 
  custom:video-decoder-webm-vp8: 9c59270c3fd7afecdb556c50c9e8de78 -> 
  custom:audio-decoder-ogg-vorbis: bf7c407c2cedff20999df2af8eb42d56 -> 
========================================================================
Received Prepare
Registering precompiled user dll's ...
Registered in 0.002585 seconds.
Begin MonoManager ReloadAssembly
Symbol file LoadedFromMemory is not a mono symbol file
Native extension for WindowsStandalone target not found
Native extension for WebGL target not found
Refreshing native plugins compatible for Editor in 0.60 ms, found 6 plugins.
Preloading 0 native plugins for Editor in 0.00 ms.
Mono: successfully reloaded assembly
- Completed reload, in  0.883 seconds
Domain Reload Profiling:
	ReloadAssembly (884ms)
		BeginReloadAssembly (102ms)
			ExecutionOrderSort (0ms)
			DisableScriptedObjects (4ms)
			BackupInstance (0ms)
			ReleaseScriptingObjects (0ms)
			CreateAndSetChildDomain (27ms)
		EndReloadAssembly (705ms)
			LoadAssemblies (68ms)
			RebuildTransferFunctionScriptingTraits (0ms)
			SetupTypeCache (176ms)
			ReleaseScriptCaches (2ms)
			RebuildScriptCaches (48ms)
			SetupLoadedEditorAssemblies (363ms)
				LogAssemblyErrors (0ms)
				InitializePlatformSupportModulesInManaged (10ms)
				SetLoadedEditorAssemblies (1ms)
				RefreshPlugins (1ms)
				BeforeProcessingInitializeOnLoad (63ms)
				ProcessInitializeOnLoadAttributes (219ms)
				ProcessInitializeOnLoadMethodAttributes (67ms)
				AfterProcessingInitializeOnLoad (3ms)
				EditorAssembliesLoaded (0ms)
			ExecutionOrderSort2 (0ms)
			AwakeInstancesAfterBackupRestoration (4ms)
Platform modules already initialized, skipping
Refreshing native plugins compatible for Editor in 3.52 ms, found 6 plugins.
Preloading 0 native plugins for Editor in 0.00 ms.
Unloading 3242 Unused Serialized files (Serialized files now loaded: 0)
Unloading 55 unused Assets / (305.1 KB). Loaded Objects now: 3744.
Memory consumption went from 131.2 MB to 130.9 MB.
Total: 2.677500 ms (FindLiveObjects: 0.202100 ms CreateObjectMapping: 0.132500 ms MarkObjects: 2.206900 ms  DeleteObjects: 0.135000 ms)

AssetImportParameters requested are different than current active one (requested -> active):
  custom:video-decoder-ogg-theora: a1e56fd34408186e4bbccfd4996cb3dc -> 
  custom:container-muxer-webm: aa71ff27fc2769a1b78a27578f13a17b -> 
  custom:container-demuxer-webm: 4f35f7cbe854078d1ac9338744f61a02 -> 
  custom:video-encoder-webm-vp8: eb34c28f22e8b96e1ab97ce403110664 -> 
  custom:audio-encoder-webm-vorbis: bf7c407c2cedff20999df2af8eb42d56 -> 
  custom:framework-win-MediaFoundation: 216162199b28c13a410421893ffa2e32 -> 
  custom:container-demuxer-ogg: 62fdf1f143b41e24485cea50d1cbac27 -> 
  custom:video-decoder-webm-vp8: 9c59270c3fd7afecdb556c50c9e8de78 -> 
  custom:audio-decoder-ogg-vorbis: bf7c407c2cedff20999df2af8eb42d56 -> 
========================================================================
Received Import Request.
  Time since last request: 26453.449336 seconds.
  path: Assets/Materials/MuseumWoodFloor/Museum Wood Floor_graph_0
  artifactKey: Guid(314e1a717a85c1f4b9f8814aab8bc752) Importer(815301076,1909f56bfc062723c751e8b465ee728b)
Start importing Assets/Materials/MuseumWoodFloor/Museum Wood Floor_graph_0 using Guid(314e1a717a85c1f4b9f8814aab8bc752) Importer(815301076,1909f56bfc062723c751e8b465ee728b)  -> (artifact id: 'e0ca0d99f945fab0d849e307e3dafd43') in 0.009170 seconds 
========================================================================
Received Import Request.
  Time since last request: 41.462018 seconds.
  path: Assets/Materials/MuseumWoodFloor/Museum Wood Floor_SpecularLevel.jpg
  artifactKey: Guid(d70a306553df6d343b7e7e24ad7abf88) Importer(815301076,1909f56bfc062723c751e8b465ee728b)
Start importing Assets/Materials/MuseumWoodFloor/Museum Wood Floor_SpecularLevel.jpg using Guid(d70a306553df6d343b7e7e24ad7abf88) Importer(815301076,1909f56bfc062723c751e8b465ee728b)  -> (artifact id: '9227f9962113f7b646317451674a21ba') in 0.055988 seconds 
========================================================================
Received Import Request.
  Time since last request: 17.801278 seconds.
  path: Assets/Materials/MuseumWoodFloor/MuseumFloorShaderGraph.shadergraph
  artifactKey: Guid(13d3e64a0234ce6429fadee4091ad11d) Importer(815301076,1909f56bfc062723c751e8b465ee728b)
Start importing Assets/Materials/MuseumWoodFloor/MuseumFloorShaderGraph.shadergraph using Guid(13d3e64a0234ce6429fadee4091ad11d) Importer(815301076,1909f56bfc062723c751e8b465ee728b)  -> (artifact id: '6730b15f3ce692606914b0b8e521dbdc') in 0.014091 seconds 
========================================================================
Received Import Request.
  Time since last request: 14.502048 seconds.
  path: Assets/Materials/MuseumWoodFloor/Museum Wood Floor_Metallic.jpg
  artifactKey: Guid(8a4c60d299c63db42b0e957a7f390c8e) Importer(815301076,1909f56bfc062723c751e8b465ee728b)
Start importing Assets/Materials/MuseumWoodFloor/Museum Wood Floor_Metallic.jpg using Guid(8a4c60d299c63db42b0e957a7f390c8e) Importer(815301076,1909f56bfc062723c751e8b465ee728b)  -> (artifact id: 'c783eacd21aeb881c1d926cf496a6dc8') in 0.010990 seconds 
========================================================================
Received Import Request.
  Time since last request: 0.372473 seconds.
  path: Assets/Materials/MuseumWoodFloor/Museum Wood Floor_AmbientOcclusion.jpg
  artifactKey: Guid(9d09e11b99f52d44d98a58384c71f7df) Importer(815301076,1909f56bfc062723c751e8b465ee728b)
Start importing Assets/Materials/MuseumWoodFloor/Museum Wood Floor_AmbientOcclusion.jpg using Guid(9d09e11b99f52d44d98a58384c71f7df) Importer(815301076,1909f56bfc062723c751e8b465ee728b)  -> (artifact id: '129db975466053bd1958c830a8e286f1') in 0.008796 seconds 
========================================================================
Received Import Request.
  Time since last request: 41.458964 seconds.
  path: Assets/TextMesh Pro/Sprites/EmojiOne.png
  artifactKey: Guid(dffef66376be4fa480fb02b19edbe903) Importer(815301076,1909f56bfc062723c751e8b465ee728b)
Start importing Assets/TextMesh Pro/Sprites/EmojiOne.png using Guid(dffef66376be4fa480fb02b19edbe903) Importer(815301076,1909f56bfc062723c751e8b465ee728b)  -> (artifact id: 'e9bbfc82bd9db627799fa952de50fbaf') in 0.013233 seconds 
========================================================================
Received Import Request.
  Time since last request: 0.000019 seconds.
  path: Assets/Materials/MuseumWoodFloor/Museum Wood Floor_Roughness.jpg
  artifactKey: Guid(cbda5d5ac4e9f8946bc41ef3bbad7ea0) Importer(815301076,1909f56bfc062723c751e8b465ee728b)
Start importing Assets/Materials/MuseumWoodFloor/Museum Wood Floor_Roughness.jpg using Guid(cbda5d5ac4e9f8946bc41ef3bbad7ea0) Importer(815301076,1909f56bfc062723c751e8b465ee728b)  -> (artifact id: '93bfa9a888461c2610292e836cafcf63') in 0.013854 seconds 
========================================================================
Received Import Request.
  Time since last request: 0.000018 seconds.
  path: Assets/Adobe/Substance3DForUnity/Editor/Assets/Logo_32.png
  artifactKey: Guid(0aa309be25f1381499253b908921e763) Importer(815301076,1909f56bfc062723c751e8b465ee728b)
Start importing Assets/Adobe/Substance3DForUnity/Editor/Assets/Logo_32.png using Guid(0aa309be25f1381499253b908921e763) Importer(815301076,1909f56bfc062723c751e8b465ee728b)  -> (artifact id: '47af395f7587d5daa2b9ec2302c868d0') in 0.041210 seconds 
========================================================================
Received Import Request.
  Time since last request: 0.000019 seconds.
  path: Assets/Adobe/Substance3DForUnity/Editor/Assets/Logo_64.png
  artifactKey: Guid(729db32ebfbf92e49aec2d8b254e28e7) Importer(815301076,1909f56bfc062723c751e8b465ee728b)
Start importing Assets/Adobe/Substance3DForUnity/Editor/Assets/Logo_64.png using Guid(729db32ebfbf92e49aec2d8b254e28e7) Importer(815301076,1909f56bfc062723c751e8b465ee728b)  -> (artifact id: 'a9e530839c08c326006f17daca60cd3a') in 0.013059 seconds 
========================================================================
Received Import Request.
  Time since last request: 0.000019 seconds.
  path: Assets/Materials/MuseumWoodFloor/Museum Wood Floor_BaseColor.jpg
  artifactKey: Guid(0ad2541f84e81fc4c8e6277b7835ed4f) Importer(815301076,1909f56bfc062723c751e8b465ee728b)
Start importing Assets/Materials/MuseumWoodFloor/Museum Wood Floor_BaseColor.jpg using Guid(0ad2541f84e81fc4c8e6277b7835ed4f) Importer(815301076,1909f56bfc062723c751e8b465ee728b)  -> (artifact id: '3b23fce2fd1cb5f889a0eb805cfc1414') in 0.011258 seconds 
========================================================================
Received Import Request.
  Time since last request: 0.000015 seconds.
  path: Assets/TextMesh Pro/Resources/Fonts & Materials/LiberationSans SDF - Fallback.asset
  artifactKey: Guid(2e498d1c8094910479dc3e1b768306a4) Importer(815301076,1909f56bfc062723c751e8b465ee728b)
Start importing Assets/TextMesh Pro/Resources/Fonts & Materials/LiberationSans SDF - Fallback.asset using Guid(2e498d1c8094910479dc3e1b768306a4) Importer(815301076,1909f56bfc062723c751e8b465ee728b)  -> (artifact id: '4f85b6e46e081a867726a9c58c993c04') in 0.047055 seconds 
========================================================================
Received Import Request.
  Time since last request: 0.000017 seconds.
  path: Assets/TextMesh Pro/Resources/Fonts & Materials/LiberationSans SDF.asset
  artifactKey: Guid(8f586378b4e144a9851e7b34d9b748ee) Importer(815301076,1909f56bfc062723c751e8b465ee728b)
Start importing Assets/TextMesh Pro/Resources/Fonts & Materials/LiberationSans SDF.asset using Guid(8f586378b4e144a9851e7b34d9b748ee) Importer(815301076,1909f56bfc062723c751e8b465ee728b)  -> (artifact id: '1bae4e4450e1f490e8feec75906df52d') in 0.033370 seconds 
Editor requested this worker to shutdown with reason: Scaling down because of idle timeout
AssetImportWorker is now disconnected from the server
Process exiting
Exiting without the bug reporter. Application will terminate with return code 0