Using pre-set license
Built from '2021.3/staging' branch; Version is '2021.3.1f1 (3b70a0754835) revision 3895456'; Using compiler version '192829333'; Build Type 'Release'
OS: 'Windows 10  (10.0.19044) 64bit Core' Language: 'en' Physical Memory: 32684 MB
BatchMode: 1, IsHumanControllingUs: 0, StartBugReporterOnCrash: 0, Is64bit: 1, IsPro: 1

COMMAND LINE ARGUMENTS:
D:\Unity Versions\2021.3.1f1\Editor\Unity.exe
-adb2
-batchMode
-noUpm
-name
AssetImportWorker2
-projectPath
F:/Documents/Portfolio Work/PortfolioWebGLGame/Unity-WebGL-PortfolioGame/Portfolio Web GL Game
-logFile
Logs/AssetImportWorker2.log
-srvPort
61873
Successfully changed project path to: F:/Documents/Portfolio Work/PortfolioWebGLGame/Unity-WebGL-PortfolioGame/Portfolio Web GL Game
F:/Documents/Portfolio Work/PortfolioWebGLGame/Unity-WebGL-PortfolioGame/Portfolio Web GL Game
[UnityMemory] Configuration Parameters - Can be set up in boot.config
    "memorysetup-bucket-allocator-granularity=16"
    "memorysetup-bucket-allocator-bucket-count=8"
    "memorysetup-bucket-allocator-block-size=33554432"
    "memorysetup-bucket-allocator-block-count=8"
    "memorysetup-main-allocator-block-size=16777216"
    "memorysetup-thread-allocator-block-size=16777216"
    "memorysetup-gfx-main-allocator-block-size=16777216"
    "memorysetup-gfx-thread-allocator-block-size=16777216"
    "memorysetup-cache-allocator-block-size=4194304"
    "memorysetup-typetree-allocator-block-size=2097152"
    "memorysetup-profiler-bucket-allocator-granularity=16"
    "memorysetup-profiler-bucket-allocator-bucket-count=8"
    "memorysetup-profiler-bucket-allocator-block-size=33554432"
    "memorysetup-profiler-bucket-allocator-block-count=8"
    "memorysetup-profiler-allocator-block-size=16777216"
    "memorysetup-profiler-editor-allocator-block-size=1048576"
    "memorysetup-temp-allocator-size-main=16777216"
    "memorysetup-job-temp-allocator-block-size=2097152"
    "memorysetup-job-temp-allocator-block-size-background=1048576"
    "memorysetup-job-temp-allocator-reduction-small-platforms=262144"
    "memorysetup-temp-allocator-size-background-worker=32768"
    "memorysetup-temp-allocator-size-job-worker=262144"
    "memorysetup-temp-allocator-size-preload-manager=33554432"
    "memorysetup-temp-allocator-size-nav-mesh-worker=65536"
    "memorysetup-temp-allocator-size-audio-worker=65536"
    "memorysetup-temp-allocator-size-cloud-worker=32768"
    "memorysetup-temp-allocator-size-gi-baking-worker=262144"
    "memorysetup-temp-allocator-size-gfx=262144"
Refreshing native plugins compatible for Editor in 41.95 ms, found 6 plugins.
Preloading 0 native plugins for Editor in 0.00 ms.
Initialize engine version: 2021.3.1f1 (3b70a0754835)
[Subsystems] Discovering subsystems at path D:/Unity Versions/2021.3.1f1/Editor/Data/Resources/UnitySubsystems
[Subsystems] Discovering subsystems at path F:/Documents/Portfolio Work/PortfolioWebGLGame/Unity-WebGL-PortfolioGame/Portfolio Web GL Game/Assets
GfxDevice: creating device client; threaded=0; jobified=0
Direct3D:
    Version:  Direct3D 11.0 [level 11.1]
    Renderer: NVIDIA GeForce RTX 2080 SUPER (ID=0x1e81)
    Vendor:   NVIDIA
    VRAM:     8010 MB
    Driver:   30.0.15.1215
Initialize mono
Mono path[0] = 'D:/Unity Versions/2021.3.1f1/Editor/Data/Managed'
Mono path[1] = 'D:/Unity Versions/2021.3.1f1/Editor/Data/MonoBleedingEdge/lib/mono/unityjit-win32'
Mono config path = 'D:/Unity Versions/2021.3.1f1/Editor/Data/MonoBleedingEdge/etc'
Using monoOptions --debugger-agent=transport=dt_socket,embedding=1,server=y,suspend=n,address=127.0.0.1:56364
Begin MonoManager ReloadAssembly
Registering precompiled unity dll's ...
Register platform support module: D:/Unity Versions/2021.3.1f1/Editor/Data/PlaybackEngines/WebGLSupport/UnityEditor.WebGL.Extensions.dll
Register platform support module: D:/Unity Versions/2021.3.1f1/Editor/Data/PlaybackEngines/WindowsStandaloneSupport/UnityEditor.WindowsStandalone.Extensions.dll
Registered in 0.002083 seconds.
Native extension for WindowsStandalone target not found
Native extension for WebGL target not found
Refreshing native plugins compatible for Editor in 37.72 ms, found 6 plugins.
Preloading 0 native plugins for Editor in 0.00 ms.
Mono: successfully reloaded assembly
- Completed reload, in  0.455 seconds
Domain Reload Profiling:
	ReloadAssembly (456ms)
		BeginReloadAssembly (48ms)
			ExecutionOrderSort (0ms)
			DisableScriptedObjects (0ms)
			BackupInstance (0ms)
			ReleaseScriptingObjects (0ms)
			CreateAndSetChildDomain (1ms)
		EndReloadAssembly (329ms)
			LoadAssemblies (47ms)
			RebuildTransferFunctionScriptingTraits (0ms)
			SetupTypeCache (82ms)
			ReleaseScriptCaches (0ms)
			RebuildScriptCaches (21ms)
			SetupLoadedEditorAssemblies (188ms)
				LogAssemblyErrors (0ms)
				InitializePlatformSupportModulesInManaged (6ms)
				SetLoadedEditorAssemblies (0ms)
				RefreshPlugins (38ms)
				BeforeProcessingInitializeOnLoad (1ms)
				ProcessInitializeOnLoadAttributes (109ms)
				ProcessInitializeOnLoadMethodAttributes (34ms)
				AfterProcessingInitializeOnLoad (0ms)
				EditorAssembliesLoaded (0ms)
			ExecutionOrderSort2 (0ms)
			AwakeInstancesAfterBackupRestoration (0ms)
Platform modules already initialized, skipping
Registering precompiled user dll's ...
Registered in 0.002400 seconds.
Begin MonoManager ReloadAssembly
Symbol file LoadedFromMemory is not a mono symbol file
Native extension for WindowsStandalone target not found
Native extension for WebGL target not found
Refreshing native plugins compatible for Editor in 36.98 ms, found 6 plugins.
Preloading 0 native plugins for Editor in 0.00 ms.
Mono: successfully reloaded assembly
- Completed reload, in  0.804 seconds
Domain Reload Profiling:
	ReloadAssembly (805ms)
		BeginReloadAssembly (77ms)
			ExecutionOrderSort (0ms)
			DisableScriptedObjects (4ms)
			BackupInstance (0ms)
			ReleaseScriptingObjects (0ms)
			CreateAndSetChildDomain (14ms)
		EndReloadAssembly (644ms)
			LoadAssemblies (61ms)
			RebuildTransferFunctionScriptingTraits (0ms)
			SetupTypeCache (153ms)
			ReleaseScriptCaches (0ms)
			RebuildScriptCaches (43ms)
			SetupLoadedEditorAssemblies (344ms)
				LogAssemblyErrors (0ms)
				InitializePlatformSupportModulesInManaged (3ms)
				SetLoadedEditorAssemblies (0ms)
				RefreshPlugins (37ms)
				BeforeProcessingInitializeOnLoad (53ms)
				ProcessInitializeOnLoadAttributes (194ms)
				ProcessInitializeOnLoadMethodAttributes (54ms)
				AfterProcessingInitializeOnLoad (2ms)
				EditorAssembliesLoaded (0ms)
			ExecutionOrderSort2 (0ms)
			AwakeInstancesAfterBackupRestoration (4ms)
Platform modules already initialized, skipping
========================================================================
Worker process is ready to serve import requests
Launched and connected shader compiler UnityShaderCompiler.exe after 0.07 seconds
Refreshing native plugins compatible for Editor in 0.57 ms, found 6 plugins.
Preloading 0 native plugins for Editor in 0.00 ms.
Unloading 3315 Unused Serialized files (Serialized files now loaded: 0)
Unloading 75 unused Assets / (321.9 KB). Loaded Objects now: 3741.
Memory consumption went from 138.0 MB to 137.7 MB.
Total: 3.676600 ms (FindLiveObjects: 0.313300 ms CreateObjectMapping: 0.199100 ms MarkObjects: 2.969900 ms  DeleteObjects: 0.193200 ms)

AssetImportParameters requested are different than current active one (requested -> active):
  custom:video-decoder-ogg-theora: a1e56fd34408186e4bbccfd4996cb3dc -> 
  custom:container-muxer-webm: aa71ff27fc2769a1b78a27578f13a17b -> 
  custom:container-demuxer-webm: 4f35f7cbe854078d1ac9338744f61a02 -> 
  custom:video-encoder-webm-vp8: eb34c28f22e8b96e1ab97ce403110664 -> 
  custom:audio-encoder-webm-vorbis: bf7c407c2cedff20999df2af8eb42d56 -> 
  custom:framework-win-MediaFoundation: 216162199b28c13a410421893ffa2e32 -> 
  custom:container-demuxer-ogg: 62fdf1f143b41e24485cea50d1cbac27 -> 
  custom:video-decoder-webm-vp8: 9c59270c3fd7afecdb556c50c9e8de78 -> 
  custom:audio-decoder-ogg-vorbis: bf7c407c2cedff20999df2af8eb42d56 -> 
========================================================================
Received Import Request.
  Time since last request: 26266.813917 seconds.
  path: Assets/Materials/MuseumWoodFloor/Museum Wood Floor_graph_0/Museum Wood Floor_normal.tga
  artifactKey: Guid(cdd06ef139c882746be7792896739bea) Importer(815301076,1909f56bfc062723c751e8b465ee728b)
Start importing Assets/Materials/MuseumWoodFloor/Museum Wood Floor_graph_0/Museum Wood Floor_normal.tga using Guid(cdd06ef139c882746be7792896739bea) Importer(815301076,1909f56bfc062723c751e8b465ee728b)  -> (artifact id: '008740a5e95c993dcf173c63c3bf868f') in 0.105967 seconds 
========================================================================
Received Import Request.
  Time since last request: 2.454531 seconds.
  path: Assets/Materials/MuseumWoodFloor/Museum Wood Floor_graph_0/Museum Wood Floor_metallic.tga
  artifactKey: Guid(40ea9a681e55aa849b22042991fa7774) Importer(815301076,1909f56bfc062723c751e8b465ee728b)
Start importing Assets/Materials/MuseumWoodFloor/Museum Wood Floor_graph_0/Museum Wood Floor_metallic.tga using Guid(40ea9a681e55aa849b22042991fa7774) Importer(815301076,1909f56bfc062723c751e8b465ee728b)  -> (artifact id: 'bcede5df05150b7dfb39a72ccdc4805d') in 0.013189 seconds 
========================================================================
Received Import Request.
  Time since last request: 0.899895 seconds.
  path: Assets/Materials/MuseumWoodFloor/Museum Wood Floor_graph_0/Museum Wood Floor_ambientocclusion.tga
  artifactKey: Guid(81093d5168a9ee849ae336bc6644247b) Importer(815301076,1909f56bfc062723c751e8b465ee728b)
Start importing Assets/Materials/MuseumWoodFloor/Museum Wood Floor_graph_0/Museum Wood Floor_ambientocclusion.tga using Guid(81093d5168a9ee849ae336bc6644247b) Importer(815301076,1909f56bfc062723c751e8b465ee728b)  -> (artifact id: 'ceef0160cc5fb26d99c21f6e5a0a4863') in 0.010039 seconds 
========================================================================
Received Import Request.
  Time since last request: 2.718331 seconds.
  path: Assets/Materials/MuseumWoodFloor/Museum Wood Floor_graph_0/Museum Wood Floor_height.tga
  artifactKey: Guid(795715a63004c564293b8d32b740d451) Importer(815301076,1909f56bfc062723c751e8b465ee728b)
Start importing Assets/Materials/MuseumWoodFloor/Museum Wood Floor_graph_0/Museum Wood Floor_height.tga using Guid(795715a63004c564293b8d32b740d451) Importer(815301076,1909f56bfc062723c751e8b465ee728b)  -> (artifact id: '6ccdf7f41745057bd04df83984104ca9') in 0.009922 seconds 
========================================================================
Received Import Request.
  Time since last request: 53.786799 seconds.
  path: Assets/Materials/MuseumWoodFloor/Museum Wood Floor.sbsar
  artifactKey: Guid(70f027338c01bbf4580513a40c066327) Importer(815301076,1909f56bfc062723c751e8b465ee728b)
Start importing Assets/Materials/MuseumWoodFloor/Museum Wood Floor.sbsar using Guid(70f027338c01bbf4580513a40c066327) Importer(815301076,1909f56bfc062723c751e8b465ee728b)  -> (artifact id: '16cffb8320f23ad6ba80d60e3c52ba5e') in 0.196861 seconds 
========================================================================
Received Import Request.
  Time since last request: 4.568364 seconds.
  path: Assets/Materials/MuseumWoodFloor/Museum Wood Floor_graph_0/graph_0.asset
  artifactKey: Guid(789aba6e62db4fa4aab8acd0220bc0e8) Importer(815301076,1909f56bfc062723c751e8b465ee728b)
Start importing Assets/Materials/MuseumWoodFloor/Museum Wood Floor_graph_0/graph_0.asset using Guid(789aba6e62db4fa4aab8acd0220bc0e8) Importer(815301076,1909f56bfc062723c751e8b465ee728b)  -> (artifact id: 'b22e459ec98824499f61be8f8aa36ee7') in 0.072225 seconds 
========================================================================
Received Import Request.
  Time since last request: 4.158355 seconds.
  path: Assets/Materials/MuseumWoodFloor/Museum Wood Floor_graph_0/Museum Wood Floor_roughness.tga
  artifactKey: Guid(b9e0a0d72c8f2ac4d9af42bd023230af) Importer(815301076,1909f56bfc062723c751e8b465ee728b)
Start importing Assets/Materials/MuseumWoodFloor/Museum Wood Floor_graph_0/Museum Wood Floor_roughness.tga using Guid(b9e0a0d72c8f2ac4d9af42bd023230af) Importer(815301076,1909f56bfc062723c751e8b465ee728b)  -> (artifact id: 'cea67a0c5e3d0b6440510a1b8a8aad91') in 0.013913 seconds 
========================================================================
Received Import Request.
  Time since last request: 0.000019 seconds.
  path: Assets/Materials/MuseumWoodFloor/Museum Wood Floor_graph_0/Museum Wood Floor_heightLevel.tga
  artifactKey: Guid(2fbafcb7561a710419948c0ded41b1fb) Importer(815301076,1909f56bfc062723c751e8b465ee728b)
Start importing Assets/Materials/MuseumWoodFloor/Museum Wood Floor_graph_0/Museum Wood Floor_heightLevel.tga using Guid(2fbafcb7561a710419948c0ded41b1fb) Importer(815301076,1909f56bfc062723c751e8b465ee728b)  -> (artifact id: '56a8db171e7aad6e6569d975720b0b5c') in 0.017729 seconds 
========================================================================
Received Import Request.
  Time since last request: 0.000028 seconds.
  path: Assets/Materials/MuseumWoodFloor/Museum Wood Floor_graph_0/Museum Wood Floor_coatIndexOfRefraction.tga
  artifactKey: Guid(998f8e3e86928ca47bec29de84b93453) Importer(815301076,1909f56bfc062723c751e8b465ee728b)
Start importing Assets/Materials/MuseumWoodFloor/Museum Wood Floor_graph_0/Museum Wood Floor_coatIndexOfRefraction.tga using Guid(998f8e3e86928ca47bec29de84b93453) Importer(815301076,1909f56bfc062723c751e8b465ee728b)  -> (artifact id: '15900cee1f070051527c4e250084ca40') in 0.012648 seconds 
========================================================================
Received Import Request.
  Time since last request: 0.000020 seconds.
  path: Assets/Materials/MuseumWoodFloor/Museum Wood Floor_graph_0/Museum Wood Floor_normalScale.tga
  artifactKey: Guid(c7550d282410d1f4c85d4ecc4538a345) Importer(815301076,1909f56bfc062723c751e8b465ee728b)
Start importing Assets/Materials/MuseumWoodFloor/Museum Wood Floor_graph_0/Museum Wood Floor_normalScale.tga using Guid(c7550d282410d1f4c85d4ecc4538a345) Importer(815301076,1909f56bfc062723c751e8b465ee728b)  -> (artifact id: 'c19279797797e7d845901f8d8f4122ac') in 0.025901 seconds 
========================================================================
Received Import Request.
  Time since last request: 0.000015 seconds.
  path: Assets/Materials/MuseumWoodFloor/Museum Wood Floor_graph_0/Museum Wood Floor_combineNormalAndHeight.tga
  artifactKey: Guid(bd04a04eb48a5fe479b61e68a8041e59) Importer(815301076,1909f56bfc062723c751e8b465ee728b)
Start importing Assets/Materials/MuseumWoodFloor/Museum Wood Floor_graph_0/Museum Wood Floor_combineNormalAndHeight.tga using Guid(bd04a04eb48a5fe479b61e68a8041e59) Importer(815301076,1909f56bfc062723c751e8b465ee728b)  -> (artifact id: '383395bcff8829eea29f85add7a086a6') in 0.017800 seconds 
========================================================================
Received Import Request.
  Time since last request: 0.000017 seconds.
  path: Assets/Materials/MuseumWoodFloor/Museum Wood Floor_graph_0/Museum Wood Floor_absorptionDistance.tga
  artifactKey: Guid(19a902f52c87f164e824e74a9d3b8ff2) Importer(815301076,1909f56bfc062723c751e8b465ee728b)
Start importing Assets/Materials/MuseumWoodFloor/Museum Wood Floor_graph_0/Museum Wood Floor_absorptionDistance.tga using Guid(19a902f52c87f164e824e74a9d3b8ff2) Importer(815301076,1909f56bfc062723c751e8b465ee728b)  -> (artifact id: 'e3bba9cd9fa3612c5d5d17e72a31dad6') in 0.015803 seconds 
========================================================================
Received Import Request.
  Time since last request: 0.000017 seconds.
  path: Assets/Materials/MuseumWoodFloor/Museum Wood Floor_graph_0/Museum Wood Floor_indexOfRefraction.tga
  artifactKey: Guid(bdec0fe5af18c7949b824a1740fec893) Importer(815301076,1909f56bfc062723c751e8b465ee728b)
Start importing Assets/Materials/MuseumWoodFloor/Museum Wood Floor_graph_0/Museum Wood Floor_indexOfRefraction.tga using Guid(bdec0fe5af18c7949b824a1740fec893) Importer(815301076,1909f56bfc062723c751e8b465ee728b)  -> (artifact id: 'a58d927fbacf72d0d42fd00f0a78a244') in 0.013803 seconds 
========================================================================
Received Prepare
Registering precompiled user dll's ...
Registered in 0.002750 seconds.
Begin MonoManager ReloadAssembly
Symbol file LoadedFromMemory is not a mono symbol file
Native extension for WindowsStandalone target not found
Native extension for WebGL target not found
Refreshing native plugins compatible for Editor in 0.61 ms, found 6 plugins.
Preloading 0 native plugins for Editor in 0.00 ms.
Mono: successfully reloaded assembly
- Completed reload, in  0.882 seconds
Domain Reload Profiling:
	ReloadAssembly (883ms)
		BeginReloadAssembly (105ms)
			ExecutionOrderSort (0ms)
			DisableScriptedObjects (4ms)
			BackupInstance (0ms)
			ReleaseScriptingObjects (0ms)
			CreateAndSetChildDomain (28ms)
		EndReloadAssembly (701ms)
			LoadAssemblies (73ms)
			RebuildTransferFunctionScriptingTraits (0ms)
			SetupTypeCache (166ms)
			ReleaseScriptCaches (2ms)
			RebuildScriptCaches (52ms)
			SetupLoadedEditorAssemblies (367ms)
				LogAssemblyErrors (0ms)
				InitializePlatformSupportModulesInManaged (11ms)
				SetLoadedEditorAssemblies (0ms)
				RefreshPlugins (1ms)
				BeforeProcessingInitializeOnLoad (61ms)
				ProcessInitializeOnLoadAttributes (227ms)
				ProcessInitializeOnLoadMethodAttributes (63ms)
				AfterProcessingInitializeOnLoad (3ms)
				EditorAssembliesLoaded (0ms)
			ExecutionOrderSort2 (0ms)
			AwakeInstancesAfterBackupRestoration (5ms)
Platform modules already initialized, skipping
Refreshing native plugins compatible for Editor in 2.64 ms, found 6 plugins.
Preloading 0 native plugins for Editor in 0.00 ms.
Unloading 3242 Unused Serialized files (Serialized files now loaded: 0)
Unloading 55 unused Assets / (297.3 KB). Loaded Objects now: 3750.
Memory consumption went from 135.5 MB to 135.3 MB.
Total: 2.436800 ms (FindLiveObjects: 0.221800 ms CreateObjectMapping: 0.156700 ms MarkObjects: 1.948100 ms  DeleteObjects: 0.109300 ms)

AssetImportParameters requested are different than current active one (requested -> active):
  custom:video-decoder-ogg-theora: a1e56fd34408186e4bbccfd4996cb3dc -> 
  custom:container-muxer-webm: aa71ff27fc2769a1b78a27578f13a17b -> 
  custom:container-demuxer-webm: 4f35f7cbe854078d1ac9338744f61a02 -> 
  custom:video-encoder-webm-vp8: eb34c28f22e8b96e1ab97ce403110664 -> 
  custom:audio-encoder-webm-vorbis: bf7c407c2cedff20999df2af8eb42d56 -> 
  custom:framework-win-MediaFoundation: 216162199b28c13a410421893ffa2e32 -> 
  custom:container-demuxer-ogg: 62fdf1f143b41e24485cea50d1cbac27 -> 
  custom:video-decoder-webm-vp8: 9c59270c3fd7afecdb556c50c9e8de78 -> 
  custom:audio-decoder-ogg-vorbis: bf7c407c2cedff20999df2af8eb42d56 -> 
Editor requested this worker to shutdown with reason: Scaling down because of idle timeout
AssetImportWorker is now disconnected from the server
Process exiting
Exiting without the bug reporter. Application will terminate with return code 0